
Showing logs for build [32mcb-kubecd-environment-pr-187-12-zf9gh-1[0m stage [32mfrom-build-pack[0m and container [32mstep-credential-initializer-wq8jj[0m
{"level":"warn","ts":1584975335.2343547,"logger":"fallback-logger","caller":"logging/config.go:69","msg":"Fetch GitHub commit ID from kodata failed: \"ref: refs/heads/0.8.0-**-support-backwards-incompats\" is not a valid GitHub commit ID"}
{"level":"info","ts":1584975335.2354736,"logger":"fallback-logger","caller":"creds-init/main.go:40","msg":"Credentials initialized."}

Showing logs for build [32mcb-kubecd-environment-pr-187-12-zf9gh-1[0m stage [32mfrom-build-pack[0m and container [32mstep-working-dir-initializer-5k8kh[0m
{"level":"warn","ts":1584975336.3047876,"logger":"fallback-logger","caller":"logging/config.go:69","msg":"Fetch GitHub commit ID from kodata failed: open /var/run/ko/HEAD: no such file or directory"}
{"level":"info","ts":1584975336.3066554,"logger":"fallback-logger","caller":"bash/main.go:64","msg":"Successfully executed command \"sh -c mkdir -p /workspace/source\"; output "}

Showing logs for build [32mcb-kubecd-environment-pr-187-12-zf9gh-1[0m stage [32mfrom-build-pack[0m and container [32mstep-place-tools[0m

Showing logs for build [32mcb-kubecd-environment-pr-187-12-zf9gh-1[0m stage [32mfrom-build-pack[0m and container [32mstep-git-source-cb-kubecd-environment-pr-187-12-zf9gh-t7vrv[0m
{"level":"warn","ts":1584975340.4424272,"logger":"fallback-logger","caller":"logging/config.go:69","msg":"Fetch GitHub commit ID from kodata failed: \"ref: refs/heads/0.8.0-**-support-backwards-incompats\" is not a valid GitHub commit ID"}
{"level":"info","ts":1584975341.4462326,"logger":"fallback-logger","caller":"git/git.go:103","msg":"Successfully cloned https://github.com/cb-kubecd/environment-pr-187-122-boot-vault-gke-production.git @ master in path /workspace/source"}

Showing logs for build [32mcb-kubecd-environment-pr-187-12-zf9gh-1[0m stage [32mfrom-build-pack[0m and container [32mstep-git-merge[0m
Using SHAs from PULL_REFS=master:8b67cce5247a7b9117b5072b24234aa1a7b18c98,1:cc85213dee54b511d4c2aa5a905014a72ded39f8
DEBUG: LC_ALL=C JX_LOG_LEVEL=error git fetch origin --unshallow cc85213dee54b511d4c2aa5a905014a72ded39f8: 8b67cce5247a7b9117b5072b24234aa1a7b18c98:
DEBUG: ran git fetch --unshallow origin cc85213dee54b511d4c2aa5a905014a72ded39f8: 8b67cce5247a7b9117b5072b24234aa1a7b18c98: in 
DEBUG: LC_ALL=C JX_LOG_LEVEL=error git branch
DEBUG: LC_ALL=C JX_LOG_LEVEL=error git checkout master
DEBUG: ran git checkout master in 
DEBUG: LC_ALL=C JX_LOG_LEVEL=error git reset --hard 8b67cce5247a7b9117b5072b24234aa1a7b18c98
DEBUG: ran git reset --hard 8b67cce5247a7b9117b5072b24234aa1a7b18c98 in 
DEBUG: LC_ALL=C JX_LOG_LEVEL=error git clean -fd .
DEBUG: ran clean --force -d . in 
DEBUG: LC_ALL=C JX_LOG_LEVEL=error git merge cc85213dee54b511d4c2aa5a905014a72ded39f8
DEBUG: ran git merge cc85213dee54b511d4c2aa5a905014a72ded39f8 in 
DEBUG: LC_ALL=C JX_LOG_LEVEL=error git log --format=%H%x1f%an%x1f%ae%x1f%cn%x1f%ce%x1f%s%n%b%x1e 8b67cce5247a7b9117b5072b24234aa1a7b18c98..HEAD
Merged SHA cc85213dee54b511d4c2aa5a905014a72ded39f8 with commit message 'chore: Promote bdd-spring-1584973887 to version 0.0.1' into base branch master

Showing logs for build [32mcb-kubecd-environment-pr-187-12-zf9gh-1[0m stage [32mfrom-build-pack[0m and container [32mstep-build-helm-build[0m
WARNING: No $CHART_REPOSITORY defined so using the default value of: http://jenkins-x-chartmuseum:8080
Adding missing Helm repo: storage.googleapis.com https://storage.googleapis.com/chartmuseum.jenkins-x.io
WARNING: No secrets found on "helm/repos" due: reading the secret "helm/repos" from vault: no secret "helm/repos" not found in vault
Read credentials for https://storage.googleapis.com/chartmuseum.jenkins-x.io from vault helm/repos
Successfully added Helm repository storage.googleapis.com.
Adding missing Helm repo: jenkins-x-chartmuseum http://jenkins-x-chartmuseum:8080
WARNING: No secrets found on "helm/repos" due: reading the secret "helm/repos" from vault: no secret "helm/repos" not found in vault
Read credentials for http://jenkins-x-chartmuseum:8080 from vault helm/repos
Successfully added Helm repository jenkins-x-chartmuseum.
WARNING: No $CHART_REPOSITORY defined so using the default value of: http://jenkins-x-chartmuseum:8080
Adding missing Helm repo: chartmuseum.jenkins-x.io http://chartmuseum.jenkins-x.io
WARNING: No secrets found on "helm/repos" due: reading the secret "helm/repos" from vault: no secret "helm/repos" not found in vault
Read credentials for http://chartmuseum.jenkins-x.io from vault helm/repos
Successfully added Helm repository chartmuseum.jenkins-x.io.
